<?xml version="1.0" encoding="utf-8"?><testsuites><testsuite name="pytest" errors="0" failures="1" skipped="27" tests="76" time="119.450" timestamp="2026-04-20T07:45:09.227423" hostname="9d89ef8bd5dc"><testcase classname="tests.pytests.pkg.integration.test_check_imports" name="test_check_imports" time="11.100" /><testcase classname="tests.pytests.pkg.integration.test_clean_zmq_teardown" name="test_check_no_import_error" time="0.874" /><testcase classname="tests.pytests.pkg.integration.test_enabled_disabled" name="test_services" time="2.269" /><testcase classname="tests.pytests.pkg.integration.test_help" name="test_help" time="14.418" /><testcase classname="tests.pytests.pkg.integration.test_logrotate_config" name="test_logrotate_config" time="0.001" /><testcase classname="tests.pytests.pkg.integration.test_logrotate_config" name="test_issue_65231_etc_logrotate_salt_dir_removed" time="0.001" /><testcase classname="tests.pytests.pkg.integration.test_multi_minion" name="test_script_present" time="0.000"><skipped type="pytest.skip" message="Platform is not Windows, skipped">/__w/salt/salt/tests/pytests/pkg/integration/test_multi_minion.py:40: Platform is not Windows, skipped</skipped></testcase><testcase classname="tests.pytests.pkg.integration.test_multi_minion" name="test_install" time="0.000"><skipped type="pytest.skip" message="Platform is not Windows, skipped">/__w/salt/salt/tests/pytests/pkg/integration/test_multi_minion.py:47: Platform is not Windows, skipped</skipped></testcase><testcase classname="tests.pytests.pkg.integration.test_multi_minion" name="test_install_master" time="0.000"><skipped type="pytest.skip" message="Platform is not Windows, skipped">/__w/salt/salt/tests/pytests/pkg/integration/test_multi_minion.py:64: Platform is not Windows, skipped</skipped></testcase><testcase classname="tests.pytests.pkg.integration.test_multi_minion" name="test_install_prefix" time="0.000"><skipped type="pytest.skip" message="Platform is not Windows, skipped">/__w/salt/salt/tests/pytests/pkg/integration/test_multi_minion.py:80: Platform is not Windows, skipped</skipped></testcase><testcase classname="tests.pytests.pkg.integration.test_multi_minion" name="test_install_log_level" time="0.000"><skipped type="pytest.skip" message="Platform is not Windows, skipped">/__w/salt/salt/tests/pytests/pkg/integration/test_multi_minion.py:96: Platform is not Windows, skipped</skipped></testcase><testcase classname="tests.pytests.pkg.integration.test_multi_minion" name="test_install_start" time="0.000"><skipped type="pytest.skip" message="Platform is not Windows, skipped">/__w/salt/salt/tests/pytests/pkg/integration/test_multi_minion.py:112: Platform is not Windows, skipped</skipped></testcase><testcase classname="tests.pytests.pkg.integration.test_pip" name="test_pip_install" time="11.221" /><testcase classname="tests.pytests.pkg.integration.test_pip" name="test_pip_install_extras" time="2.569" /><testcase classname="tests.pytests.pkg.integration.test_pip" name="test_pip_non_root" time="2.985" /><testcase classname="tests.pytests.pkg.integration.test_pip" name="test_pip_install_salt_extension_in_extras" time="7.787" /><testcase classname="tests.pytests.pkg.integration.test_pip_upgrade" name="test_pip_install" time="4.964" /><testcase classname="tests.pytests.pkg.integration.test_pkg" name="test_pkg_install" time="13.156" /><testcase classname="tests.pytests.pkg.integration.test_pkg_meta" name="test_provides" time="0.001"><skipped type="pytest.skip" message="rpm is not installed">/__w/salt/salt/tests/pytests/pkg/integration/test_pkg_meta.py:49: rpm is not installed</skipped></testcase><testcase classname="tests.pytests.pkg.integration.test_pkg_meta" name="test_requires" time="0.000"><skipped type="pytest.skip" message="rpm is not installed">/__w/salt/salt/tests/pytests/pkg/integration/test_pkg_meta.py:89: rpm is not installed</skipped></testcase><testcase classname="tests.pytests.pkg.integration.test_python" name="test_python_script[1-false]" time="0.168" /><testcase classname="tests.pytests.pkg.integration.test_python" name="test_python_script[0-true]" time="0.168" /><testcase classname="tests.pytests.pkg.integration.test_python" name="test_python_script_exception" time="0.168" /><testcase classname="tests.pytests.pkg.integration.test_salt_api" name="test_salt_api" time="3.024"><skipped type="pytest.skip" message="Package test are getting reworked in https://github.com/saltstack/salt/issues/66672">/__w/salt/salt/tests/pytests/pkg/integration/test_salt_api.py:13: Package test are getting reworked in https://github.com/saltstack/salt/issues/66672</skipped></testcase><testcase classname="tests.pytests.pkg.integration.test_salt_call" name="test_salt_call_local" time="0.577" /><testcase classname="tests.pytests.pkg.integration.test_salt_call" name="test_salt_call" time="0.690" /><testcase classname="tests.pytests.pkg.integration.test_salt_call" name="test_sls" time="0.883" /><testcase classname="tests.pytests.pkg.integration.test_salt_call" name="test_salt_call_local_sys_doc_none" time="7.019" /><testcase classname="tests.pytests.pkg.integration.test_salt_call" name="test_salt_call_local_sys_doc_aliases" time="7.064" /><testcase classname="tests.pytests.pkg.integration.test_salt_call" name="test_salt_call_cmd_run_id_runas" time="0.747" /><testcase classname="tests.pytests.pkg.integration.test_salt_exec" name="test_salt_cmd_run" time="0.556" /><testcase classname="tests.pytests.pkg.integration.test_salt_exec" name="test_salt_list_users" time="0.541" /><testcase classname="tests.pytests.pkg.integration.test_salt_grains" name="test_grains_items" time="0.556" /><testcase classname="tests.pytests.pkg.integration.test_salt_grains" name="test_grains_item_os" time="0.553" /><testcase classname="tests.pytests.pkg.integration.test_salt_grains" name="test_grains_item_pythonversion" time="0.545" /><testcase classname="tests.pytests.pkg.integration.test_salt_grains" name="test_grains_setval_key_val" time="0.648" /><testcase classname="tests.pytests.pkg.integration.test_salt_grains" name="test_grains_package_onedir" time="0.540" /><testcase classname="tests.pytests.pkg.integration.test_salt_key" name="test_salt_key" time="0.382" /><testcase classname="tests.pytests.pkg.integration.test_salt_minion" name="test_salt_minion_ping" time="0.533" /><testcase classname="tests.pytests.pkg.integration.test_salt_minion" name="test_salt_minion_setproctitle" time="0.547" /><testcase classname="tests.pytests.pkg.integration.test_salt_output" name="test_salt_output[yaml]" time="0.534" /><testcase classname="tests.pytests.pkg.integration.test_salt_output" name="test_salt_output[json]" time="0.537" /><testcase classname="tests.pytests.pkg.integration.test_salt_pillar" name="test_salt_pillar" time="0.613" /><testcase classname="tests.pytests.pkg.integration.test_salt_state_file" name="test_salt_state_file" time="0.687" /><testcase classname="tests.pytests.pkg.integration.test_salt_ufw" name="test_salt_ufw" time="0.001"><skipped type="pytest.skip" message="The 'ufw' binary was not found">/__w/salt/salt/tests/pytests/pkg/integration/test_salt_ufw.py:33: The 'ufw' binary was not found</skipped></testcase><testcase classname="tests.pytests.pkg.integration.test_salt_user" name="test_salt_user_master" time="0.003" /><testcase classname="tests.pytests.pkg.integration.test_salt_user" name="test_salt_user_home" time="0.002" /><testcase classname="tests.pytests.pkg.integration.test_salt_user" name="test_salt_user_group" time="0.003" /><testcase classname="tests.pytests.pkg.integration.test_salt_user" name="test_salt_user_shell" time="0.002" /><testcase classname="tests.pytests.pkg.integration.test_salt_user" name="test_pkg_paths" time="0.003"><failure message="AssertionError: assert 'salt' == 'root'&#10;  &#10;  - root&#10;  + salt">install_salt = SaltPkgInstall(pkg_system_service=True, root=None, run_root=None, ssm_bin=None, bin_dir=None, install_dir=PosixPath('/.../salt/artifacts/pkg/salt-master_3007.13+91.g678ef8070f_amd64.deb'], file_ext='deb', relenv=True, installer_timeout=240)
pkg_paths = ['/etc/salt', '/var/cache/salt', '/var/log/salt', '/var/run/salt', '/opt/saltstack/salt']
pkg_paths_salt_user = ['/etc/salt/cloud.deploy.d', '/var/log/salt/cloud', '/opt/saltstack/salt/lib/python3.10/site-packages/salt/cloud/deploy', '/etc/salt/pki/master', '/etc/salt/master.d', '/var/log/salt/master', ...]
pkg_paths_salt_user_exclusions = ['/var/cache/salt/master/.root_key']
salt_call_cli = SaltCall(salt_pkg_install=SaltPkgInstall(pkg_system_service=True, root=None, run_root=None, ssm_bin=None, bin_dir=None...xPath('/__w/salt/salt'), slow_stop=True, timeout=None, script_name='salt-call', base_script_args=[], display_name=None)

    def test_pkg_paths(
        install_salt,
        pkg_paths,
        pkg_paths_salt_user,
        pkg_paths_salt_user_exclusions,
        salt_call_cli,
    ):
        """
        Test package paths ownership
        """
        if packaging.version.parse(install_salt.version) &lt;= packaging.version.parse(
            "3006.4"
        ):
            pytest.skip("Package path ownership was changed in salt 3006.4")

        if install_salt.prev_version == "3007.1":
            pytest.xfail("Fails due to syndic permissions bug")

        if install_salt.distro_name == "photon" and install_salt.distro_version == "5":
            # Fails on upgrade tests but there is no way to check that we are running an upgrade test.
            pytest.skip("Package path ownership fails on photon 5")

        salt_user_subdirs = []

        for _path in pkg_paths:
            pkg_path = pathlib.Path(_path)
            assert pkg_path.exists()
            for dirpath, sub_dirs, files in os.walk(pkg_path):
                path = pathlib.Path(dirpath)

                # Directories owned by salt:salt or their subdirs/files
                if (
                    str(path) in pkg_paths_salt_user or str(path) in salt_user_subdirs
                ) and str(path) not in pkg_paths_salt_user_exclusions:
                    assert path.owner() == "salt"
                    assert path.group() == "salt"
                    salt_user_subdirs.extend(
                        [str(path.joinpath(sub_dir)) for sub_dir in sub_dirs]
                    )
                    # Individual files owned by salt user
                    for file in files:
                        file_path = path.joinpath(file)
                        if str(file_path) not in pkg_paths_salt_user_exclusions:
                            assert file_path.owner() == "salt"
                # Directories owned by root:root
                else:
                    assert path.owner() == "root"
                    assert path.group() == "root"
                    for file in files:
                        if file.endswith("ipc"):
                            continue
                        file_path = path.joinpath(file)
                        # Individual files owned by salt user
                        if str(file_path) in pkg_paths_salt_user:
                            assert file_path.owner() == "salt"
                        else:
&gt;                           assert file_path.owner() == "root"
E                           AssertionError: assert 'salt' == 'root'
E
E                             - root
E                             + salt

_path      = '/etc/salt'
dirpath    = '/etc/salt/pki/minion'
file       = 'minion.pub'
file_path  = PosixPath('/etc/salt/pki/minion/minion.pub')
files      = ['minion.pub', 'minion_master.pub', 'minion.pem']
install_salt = SaltPkgInstall(pkg_system_service=True, root=None, run_root=None, ssm_bin=None, bin_dir=None, install_dir=PosixPath('/opt/saltstack/salt'), binary_paths={'salt': [PosixPath('/opt/saltstack/salt/salt')], 'api': [PosixPath('/opt/saltstack/salt/salt-api')], 'call': [PosixPath('/opt/saltstack/salt/salt-call')], 'cloud': [PosixPath('/opt/saltstack/salt/salt-cloud')], 'cp': [PosixPath('/opt/saltstack/salt/salt-cp')], 'key': [PosixPath('/opt/saltstack/salt/salt-key')], 'master': [PosixPath('/opt/saltstack/salt/salt-master')], 'minion': [PosixPath('/opt/saltstack/salt/salt-minion')], 'proxy': [PosixPath('/opt/saltstack/salt/salt-proxy')], 'run': [PosixPath('/opt/saltstack/salt/salt-run')], 'ssh': [PosixPath('/opt/saltstack/salt/salt-ssh')], 'syndic': [PosixPath('/opt/saltstack/salt/salt-syndic')], 'spm': [PosixPath('/opt/saltstack/salt/spm')], 'pip': [PosixPath('/opt/saltstack/salt/salt-pip')], 'python': [PosixPath('/opt/saltstack/salt/bin/python3')]}, config_path=PosixPath('/etc/salt'), conf_dir=PosixPath('/etc/salt'), upgrade=False, downgrade=False, classic=False, no_install=True, no_uninstall=False, distro_id='ubuntu', distro_codename='noble', distro_name='ubuntu', distro_version='24.04', prev_version='3007.13', use_prev_version=True, artifact_version='3007.13+91.g678ef8070f', version='3007.13', pkg_mngr='apt-get', rm_pkg='purge', dbg_pkg='salt-dbg', salt_pkgs=['salt-api', 'salt-syndic', 'salt-ssh', 'salt-master', 'salt-cloud', 'salt-minion', 'salt-common', 'salt-dbg'], pkgs=['/__w/salt/salt/artifacts/pkg/salt-common_3007.13+91.g678ef8070f_amd64.deb', '/__w/salt/salt/artifacts/pkg/salt-cloud_3007.13+91.g678ef8070f_amd64.deb', '/__w/salt/salt/artifacts/pkg/salt-ssh_3007.13+91.g678ef8070f_amd64.deb', '/__w/salt/salt/artifacts/pkg/salt-minion_3007.13+91.g678ef8070f_amd64.deb', '/__w/salt/salt/artifacts/pkg/salt-api_3007.13+91.g678ef8070f_amd64.deb', '/__w/salt/salt/artifacts/pkg/salt-syndic_3007.13+91.g678ef8070f_amd64.deb', '/__w/salt/salt/artifacts/pkg/salt-dbg_3007.13+91.g678ef8070f_amd64.deb', '/__w/salt/salt/artifacts/pkg/salt-master_3007.13+91.g678ef8070f_amd64.deb'], file_ext='deb', relenv=True, installer_timeout=240)
path       = PosixPath('/etc/salt/pki/minion')
pkg_path   = PosixPath('/etc/salt')
pkg_paths  = ['/etc/salt',
 '/var/cache/salt',
 '/var/log/salt',
 '/var/run/salt',
 '/opt/saltstack/salt']
pkg_paths_salt_user = ['/etc/salt/cloud.deploy.d',
 '/var/log/salt/cloud',
 '/opt/saltstack/salt/lib/python3.10/site-packages/salt/cloud/deploy',
 '/etc/salt/pki/master',
 '/etc/salt/master.d',
 '/var/log/salt/master',
 '/var/log/salt/api',
 '/var/log/salt/key',
 '/var/log/salt/syndic',
 '/var/cache/salt/master',
 '/var/run/salt/master',
 '/run/salt-master.pid',
 '/run/salt-syndic.pid',
 '/run/salt-api.pid']
pkg_paths_salt_user_exclusions = ['/var/cache/salt/master/.root_key']
salt_call_cli = SaltCall(salt_pkg_install=SaltPkgInstall(pkg_system_service=True, root=None, run_root=None, ssm_bin=None, bin_dir=None, install_dir=PosixPath('/opt/saltstack/salt'), binary_paths={'salt': [PosixPath('/opt/saltstack/salt/salt')], 'api': [PosixPath('/opt/saltstack/salt/salt-api')], 'call': [PosixPath('/opt/saltstack/salt/salt-call')], 'cloud': [PosixPath('/opt/saltstack/salt/salt-cloud')], 'cp': [PosixPath('/opt/saltstack/salt/salt-cp')], 'key': [PosixPath('/opt/saltstack/salt/salt-key')], 'master': [PosixPath('/opt/saltstack/salt/salt-master')], 'minion': [PosixPath('/opt/saltstack/salt/salt-minion')], 'proxy': [PosixPath('/opt/saltstack/salt/salt-proxy')], 'run': [PosixPath('/opt/saltstack/salt/salt-run')], 'ssh': [PosixPath('/opt/saltstack/salt/salt-ssh')], 'syndic': [PosixPath('/opt/saltstack/salt/salt-syndic')], 'spm': [PosixPath('/opt/saltstack/salt/spm')], 'pip': [PosixPath('/opt/saltstack/salt/salt-pip')], 'python': [PosixPath('/opt/saltstack/salt/bin/python3')]}, config_path=PosixPath('/etc/salt'), conf_dir=PosixPath('/etc/salt'), upgrade=False, downgrade=False, classic=False, no_install=True, no_uninstall=False, distro_id='ubuntu', distro_codename='noble', distro_name='ubuntu', distro_version='24.04', prev_version='3007.13', use_prev_version=True, artifact_version='3007.13+91.g678ef8070f', version='3007.13', pkg_mngr='apt-get', rm_pkg='purge', dbg_pkg='salt-dbg', salt_pkgs=['salt-api', 'salt-syndic', 'salt-ssh', 'salt-master', 'salt-cloud', 'salt-minion', 'salt-common', 'salt-dbg'], pkgs=['/__w/salt/salt/artifacts/pkg/salt-common_3007.13+91.g678ef8070f_amd64.deb', '/__w/salt/salt/artifacts/pkg/salt-cloud_3007.13+91.g678ef8070f_amd64.deb', '/__w/salt/salt/artifacts/pkg/salt-ssh_3007.13+91.g678ef8070f_amd64.deb', '/__w/salt/salt/artifacts/pkg/salt-minion_3007.13+91.g678ef8070f_amd64.deb', '/__w/salt/salt/artifacts/pkg/salt-api_3007.13+91.g678ef8070f_amd64.deb', '/__w/salt/salt/artifacts/pkg/salt-syndic_3007.13+91.g678ef8070f_amd64.deb', '/__w/salt/salt/artifacts/pkg/salt-dbg_3007.13+91.g678ef8070f_amd64.deb', '/__w/salt/salt/artifacts/pkg/salt-master_3007.13+91.g678ef8070f_amd64.deb'], file_ext='deb', relenv=True, installer_timeout=240), id='minion-hXTRur', config_file='/etc/salt/minion', config_dir='/etc/salt', python_executable=None, cwd=PosixPath('/__w/salt/salt'), slow_stop=True, timeout=None, script_name='salt-call', base_script_args=[], display_name=None)
salt_user_subdirs = []
sub_dirs   = ['minions',
 'pending',
 'rejected',
 'accepted',
 'minions_pre',
 'minions_rejected']

tests/pytests/pkg/integration/test_salt_user.py:223: AssertionError</failure></testcase><testcase classname="tests.pytests.pkg.integration.test_salt_user" name="test_paths_log_rotation" time="0.001"><skipped type="pytest.skip" message="The 'logrotate' binary was not found">/__w/salt/salt/tests/pytests/pkg/integration/test_salt_user.py:227: The 'logrotate' binary was not found</skipped></testcase><testcase classname="tests.pytests.pkg.integration.test_ssm" name="test_ssm_present" time="0.000"><skipped type="pytest.skip" message="Platform is not Windows, skipped">/__w/salt/salt/tests/pytests/pkg/integration/test_ssm.py:10: Platform is not Windows, skipped</skipped></testcase><testcase classname="tests.pytests.pkg.integration.test_systemd_config" name="test_system_config" time="0.006" /><testcase classname="tests.pytests.pkg.integration.test_version" name="test_salt_version" time="0.268"><skipped type="pytest.skip" message="We don't run this test on release builds">/__w/salt/salt/tests/pytests/pkg/integration/test_version.py:32: We don't run this test on release builds</skipped></testcase><testcase classname="tests.pytests.pkg.integration.test_version" name="test_salt_versions_report_master" time="0.370" /><testcase classname="tests.pytests.pkg.integration.test_version" name="test_salt_versions_report_minion" time="1.187" /><testcase classname="tests.pytests.pkg.integration.test_version" name="test_compare_versions[master]" time="0.268" /><testcase classname="tests.pytests.pkg.integration.test_version" name="test_compare_versions[cloud]" time="0.319" /><testcase classname="tests.pytests.pkg.integration.test_version" name="test_compare_versions[syndic]" time="0.267" /><testcase classname="tests.pytests.pkg.integration.test_version" name="test_compare_versions[minion]" time="5.281" /><testcase classname="tests.pytests.pkg.integration.test_version" name="test_compare_versions[call]" time="0.368" /><testcase classname="tests.pytests.pkg.integration.test_version" name="test_compare_versions[api]" time="0.268" /><testcase classname="tests.pytests.pkg.integration.test_version" name="test_symlinks_created[salt]" time="0.000"><skipped type="pytest.skip" message="Platform is not Darwin, skipped">/__w/salt/salt/tests/pytests/pkg/integration/test_version.py:130: Platform is not Darwin, skipped</skipped></testcase><testcase classname="tests.pytests.pkg.integration.test_version" name="test_symlinks_created[salt-api]" time="0.000"><skipped type="pytest.skip" message="Platform is not Darwin, skipped">/__w/salt/salt/tests/pytests/pkg/integration/test_version.py:130: Platform is not Darwin, skipped</skipped></testcase><testcase classname="tests.pytests.pkg.integration.test_version" name="test_symlinks_created[salt-call]" time="0.000"><skipped type="pytest.skip" message="Platform is not Darwin, skipped">/__w/salt/salt/tests/pytests/pkg/integration/test_version.py:130: Platform is not Darwin, skipped</skipped></testcase><testcase classname="tests.pytests.pkg.integration.test_version" name="test_symlinks_created[salt-cloud]" time="0.000"><skipped type="pytest.skip" message="Platform is not Darwin, skipped">/__w/salt/salt/tests/pytests/pkg/integration/test_version.py:130: Platform is not Darwin, skipped</skipped></testcase><testcase classname="tests.pytests.pkg.integration.test_version" name="test_symlinks_created[salt-cp]" time="0.000"><skipped type="pytest.skip" message="Platform is not Darwin, skipped">/__w/salt/salt/tests/pytests/pkg/integration/test_version.py:130: Platform is not Darwin, skipped</skipped></testcase><testcase classname="tests.pytests.pkg.integration.test_version" name="test_symlinks_created[salt-key]" time="0.000"><skipped type="pytest.skip" message="Platform is not Darwin, skipped">/__w/salt/salt/tests/pytests/pkg/integration/test_version.py:130: Platform is not Darwin, skipped</skipped></testcase><testcase classname="tests.pytests.pkg.integration.test_version" name="test_symlinks_created[salt-master]" time="0.000"><skipped type="pytest.skip" message="Platform is not Darwin, skipped">/__w/salt/salt/tests/pytests/pkg/integration/test_version.py:130: Platform is not Darwin, skipped</skipped></testcase><testcase classname="tests.pytests.pkg.integration.test_version" name="test_symlinks_created[salt-minion]" time="0.000"><skipped type="pytest.skip" message="Platform is not Darwin, skipped">/__w/salt/salt/tests/pytests/pkg/integration/test_version.py:130: Platform is not Darwin, skipped</skipped></testcase><testcase classname="tests.pytests.pkg.integration.test_version" name="test_symlinks_created[salt-proxy]" time="0.000"><skipped type="pytest.skip" message="Platform is not Darwin, skipped">/__w/salt/salt/tests/pytests/pkg/integration/test_version.py:130: Platform is not Darwin, skipped</skipped></testcase><testcase classname="tests.pytests.pkg.integration.test_version" name="test_symlinks_created[salt-run]" time="0.000"><skipped type="pytest.skip" message="Platform is not Darwin, skipped">/__w/salt/salt/tests/pytests/pkg/integration/test_version.py:130: Platform is not Darwin, skipped</skipped></testcase><testcase classname="tests.pytests.pkg.integration.test_version" name="test_symlinks_created[spm]" time="0.000"><skipped type="pytest.skip" message="Platform is not Darwin, skipped">/__w/salt/salt/tests/pytests/pkg/integration/test_version.py:130: Platform is not Darwin, skipped</skipped></testcase><testcase classname="tests.pytests.pkg.integration.test_version" name="test_symlinks_created[salt-ssh]" time="0.000"><skipped type="pytest.skip" message="Platform is not Darwin, skipped">/__w/salt/salt/tests/pytests/pkg/integration/test_version.py:130: Platform is not Darwin, skipped</skipped></testcase><testcase classname="tests.pytests.pkg.integration.test_version" name="test_symlinks_created[salt-syndic]" time="0.000"><skipped type="pytest.skip" message="Platform is not Darwin, skipped">/__w/salt/salt/tests/pytests/pkg/integration/test_version.py:130: Platform is not Darwin, skipped</skipped></testcase><testcase classname="tests.pytests.pkg.integration.test_version" name="test_compare_pkg_versions_redhat_rc" time="10.553"><skipped type="pytest.skip" message="The 'rpmdev-vercmp' binary was not found">/__w/salt/salt/tests/pytests/pkg/integration/test_version.py:159: The 'rpmdev-vercmp' binary was not found</skipped></testcase></testsuite></testsuites>
